<?xml version="1.0" encoding="UTF-8"?>
<testsuite time='672.989807' skipped='0' failures='0' errors='0' name="CreatePerformanceRatingMethodBaselineBuildingTest" assertions='5' tests='1'>
  <testcase time='672.989807' name="test_jmarrec" assertions='5'>
  </testcase>
</testsuite>
